<?xml version="1.0" encoding="UTF-8"?>
<!-- Generated by org.testng.reporters.JUnitReportReporter -->
<testsuite skipped="0" hostname="DESKTOP-86SU9N9" name="runner.Run2" tests="7" failures="0" timestamp="2020-03-03T23:11:58 PST" time="81.680" errors="0">
  <testcase name="runScenario" time="17.117" classname="runner.Run2"/>
  <testcase name="runScenario" time="7.726" classname="runner.Run2"/>
  <testcase name="runScenario" time="6.535" classname="runner.Run2"/>
  <testcase name="runScenario" time="17.526" classname="runner.Run2"/>
  <testcase name="runScenario" time="5.694" classname="runner.Run2"/>
  <testcase name="runScenario" time="20.605" classname="runner.Run2"/>
  <testcase name="runScenario" time="6.477" classname="runner.Run2"/>
</testsuite> <!-- runner.Run2 -->
